<?xml version="1.0" encoding="UTF-8"?>
<!-- Generated by org.testng.reporters.JUnitReportReporter -->
<testsuite hostname="ITCLPTP29292122" failures="0" tests="1" name="cucumberBDD.TestNGTestRunner" time="7.209" errors="1" timestamp="2023-09-01T12:01:46 IST" skipped="0">
  <testcase classname="cucumberBDD.TestNGTestRunner" name="runScenario" time="7.209">
    <error message="Input must be set" type="java.lang.IllegalArgumentException">
      <![CDATA[java.lang.IllegalArgumentException: Input must be set
at org.openqa.selenium.internal.Require.nonNull(Require.java:56)
at org.openqa.selenium.support.ui.FluentWait.<init>(FluentWait.java:97)
at org.openqa.selenium.support.ui.WebDriverWait.<init>(WebDriverWait.java:128)
at org.openqa.selenium.support.ui.WebDriverWait.<init>(WebDriverWait.java:61)
at org.openqa.selenium.support.ui.WebDriverWait.<init>(WebDriverWait.java:48)
at Space.ObjectsUtilities.ObjectUtilities.waitForObject(ObjectUtilities.java:82)
at Space.ObjectsUtilities.ObjectUtilities.typeInElement(ObjectUtilities.java:203)
at Space.ObjectsUtilities.ObjectUtilities.typeInElement(ObjectUtilities.java:183)
at cucumberBDD.stepDefinations.userEntersCredentialsAndClicksSignIn(stepDefinations.java:59)
at âœ½.the user enters "<username>" and "ITCube@098452" and clicks Sign In(file:///C:/Users/Sandeep.Virk/Desktop/Space1/src/test/java/cucumberBDD/ContractModule.feature:5)
]]>
    </error>
  </testcase> <!-- runScenario -->
  <system-out>
    <![CDATA[Attempting to type..<br />]]>
  </system-out>
</testsuite> <!-- cucumberBDD.TestNGTestRunner -->
