<?xml version="1.0" encoding="UTF-8"?>
<!-- Generated by org.testng.reporters.JUnitReportReporter -->
<testsuite hostname="ITCMACBOOK2.local" failures="0" tests="1" name="Tests.ActionTestsNew" time="229.577" errors="1" timestamp="2024-01-23T11:03:45 IST" skipped="0">
  <testcase classname="Tests.ActionTestsNew" name="loginAsAdmin" time="229.577">
    <error message="Element with xpath: &quot;//input[contains(@class, &#039;multiselect-search&#039;) and @type=&#039;text&#039; and contains(@placeholder, &#039;Search&#039;)]&quot; not found on UI!" type="autoFW.exceptions.ElementNotLocatedOnUIException">
      <![CDATA[autoFW.exceptions.ElementNotLocatedOnUIException: Element with xpath: "//input[contains(@class, 'multiselect-search') and @type='text' and contains(@placeholder, 'Search')]" not found on UI!
at Space.ObjectsUtilities.ObjectUtilities.typeInElement(ObjectUtilities.java:253)
at Space.ObjectsUtilities.ObjectUtilities.typeInElement(ObjectUtilities.java:228)
at Tests.ActionModuleNew.createMeeting(ActionModuleNew.java:139)
at Tests.ActionTestsNew.loginAsAdmin(ActionTestsNew.java:40)
at java.base/jdk.internal.reflect.DirectMethodHandleAccessor.invoke(DirectMethodHandleAccessor.java:104)
at java.base/java.lang.reflect.Method.invoke(Method.java:578)
at org.testng.internal.MethodInvocationHelper.invokeMethod(MethodInvocationHelper.java:133)
at org.testng.internal.TestInvoker.invokeMethod(TestInvoker.java:598)
at org.testng.internal.TestInvoker.invokeTestMethod(TestInvoker.java:173)
at org.testng.internal.MethodRunner.runInSequence(MethodRunner.java:46)
at org.testng.internal.TestInvoker$MethodInvocationAgent.invoke(TestInvoker.java:824)
at org.testng.internal.TestInvoker.invokeTestMethods(TestInvoker.java:146)
at org.testng.internal.TestMethodWorker.invokeTestMethods(TestMethodWorker.java:146)
at org.testng.internal.TestMethodWorker.run(TestMethodWorker.java:128)
at java.base/java.util.ArrayList.forEach(ArrayList.java:1511)
at org.testng.TestRunner.privateRun(TestRunner.java:794)
at org.testng.TestRunner.run(TestRunner.java:596)
at org.testng.SuiteRunner.runTest(SuiteRunner.java:377)
at org.testng.SuiteRunner.runSequentially(SuiteRunner.java:371)
at org.testng.SuiteRunner.privateRun(SuiteRunner.java:332)
at org.testng.SuiteRunner.run(SuiteRunner.java:276)
at org.testng.SuiteRunnerWorker.runSuite(SuiteRunnerWorker.java:53)
at org.testng.SuiteRunnerWorker.run(SuiteRunnerWorker.java:96)
at org.testng.TestNG.runSuitesSequentially(TestNG.java:1212)
at org.testng.TestNG.runSuitesLocally(TestNG.java:1134)
at org.testng.TestNG.runSuites(TestNG.java:1063)
at org.testng.TestNG.run(TestNG.java:1031)
at org.testng.remote.AbstractRemoteTestNG.run(AbstractRemoteTestNG.java:115)
at org.testng.remote.RemoteTestNG.initAndRun(RemoteTestNG.java:251)
at org.testng.remote.RemoteTestNG.main(RemoteTestNG.java:77)
]]>
    </error>
  </testcase> <!-- loginAsAdmin -->
  <system-out>
    <![CDATA[Attempting to click..<br />
Waited successfully for element with xpath: "//input[@id='EmailId']"<br />
Clicked successfully on WebElement: "//input[@id='EmailId']"<br />
Attempting to type..<br />
Waited successfully for element with xpath: "//input[@id='EmailId']"<br />
Typed successfully into WebElement: "//input[@id='EmailId']", content: "6298_SPACE_LN_098452@itcubedev.dev"<br />
Attempting to click..<br />
Waited successfully for element with xpath: "//input[@id='Password']"<br />
Clicked successfully on WebElement: "//input[@id='Password']"<br />
Attempting to type..<br />
Waited successfully for element with xpath: "//input[@id='Password']"<br />
Typed successfully into WebElement: "//input[@id='Password']", content: "ITCube@098452"<br />
Attempting to click..<br />
Waited successfully for element with xpath: "//button[normalize-space()='Login']"<br />
Clicked successfully on WebElement: "//button[normalize-space()='Login']"<br />
Attempting to click via JS..<br />
Waited successfully for element with outerHTML: <span class="Moduled_name">Action</span><br />
Clicked successfully on WebElement via JS: <span class="Moduled_name">Action</span><br />
Test Verification Passed
Attempting to click..<br />
Waited successfully for element with xpath: "(//span[normalize-space()='Add Meeting'])[1]"<br />
Clicked successfully on WebElement: "(//span[normalize-space()='Add Meeting'])[1]"<br />
Attempting to click via JS..<br />
Waited successfully for element with outerHTML: <span class="multiselect-selected-text">Select</span><br />
Clicked successfully on WebElement via JS: <span class="multiselect-selected-text">Select</span><br />
Attempting to click..<br />
Waited successfully for element with xpath: "//label[normalize-space()='Meeting']"<br />
Clicked successfully on WebElement: "//label[normalize-space()='Meeting']"<br />
Attempting to click via JS..<br />
Waited successfully for element with outerHTML: <span class="multiselect-selected-text">Select</span><br />
Clicked successfully on WebElement via JS: <span class="multiselect-selected-text">Select</span><br />
Attempting to click..<br />
Waited successfully for element with xpath: "//label[normalize-space()='Client Meeting']"<br />
Clicked successfully on WebElement: "//label[normalize-space()='Client Meeting']"<br />
Attempting to click via JS..<br />
Waited successfully for element with outerHTML: <span class="multiselect-selected-text">Select</span><br />
Clicked successfully on WebElement via JS: <span class="multiselect-selected-text">Select</span><br />
Attempting to click..<br />
Waited successfully for element with xpath: "//label[normalize-space()='Internal']"<br />
Clicked successfully on WebElement: "//label[normalize-space()='Internal']"<br />
Attempting to type..<br />
Waited successfully for element with xpath: "//input[@id='_txtTopic']"<br />
Typed successfully into WebElement: "//input[@id='_txtTopic']", content: " Sandeep Automation Testing Dont Edit"<br />
Attempting to type..<br />
Waited successfully for element with xpath: "//textarea[@id='_txtDescription']"<br />
Typed successfully into WebElement: "//textarea[@id='_txtDescription']", content: "Automation Regression Suite"<br />
Attempting to type..<br />
Waited successfully for element with xpath: "//input[@id='txtRequestLocation']  "<br />
Typed successfully into WebElement: "//input[@id='txtRequestLocation']  ", content: "Automation online Call"<br />
Attempting to type..<br />
Waited successfully for element with xpath: "//input[@id='_txtStartDate']"<br />
Typed successfully into WebElement: "//input[@id='_txtStartDate']", content: "30/11/2024"<br />
Attempting to type..<br />
Waited successfully for element with xpath: "//input[@id='StartTime']"<br />
Typed successfully into WebElement: "//input[@id='StartTime']", content: "10:00"<br />
Attempting to type..<br />
Waited successfully for element with xpath: "//input[@id='_txtEndDate']"<br />
Typed successfully into WebElement: "//input[@id='_txtEndDate']", content: "30/11/2024;"<br />
Attempting to type..<br />
Waited successfully for element with xpath: "//input[@id='EndTime'] "<br />
Typed successfully into WebElement: "//input[@id='EndTime'] ", content: "10:30"<br />
Attempting to click via JS..<br />
Waited successfully for element with outerHTML: <span class="multiselect-selected-text">Select</span><br />
Clicked successfully on WebElement via JS: <span class="multiselect-selected-text">Select</span><br />
Attempting to type..<br />
<div style='color:red'>Waited unsuccessfully for element with xpath: "//input[contains(@class, 'multiselect-search') and @type='text' and contains(@placeholder, 'Search')]"</div><br />
<br/><a href=\/Users/admin/Desktop/kapil_ItCube/Kapil/SOFTWARE/Space/Users/admin/Desktop/kapil_ItCube/Kapil/SOFTWARE/Space/src/test/resources/ErrorScreenshots1705988025039.png target='_blank'>Click Here For Screenshot</a><br /><br />
Element with xpath: "//input[contains(@class, 'multiselect-search') and @type='text' and contains(@placeholder, 'Search')]" not found on UI!]]>
  </system-out>
</testsuite> <!-- Tests.ActionTestsNew -->
